Invalid port. Exiting...
1547446117011	geckodriver	INFO	geckodriver 0.19.1 (0000000000000000000000000000000000000000 2017-10-31)
1547446117018	geckodriver	INFO	Listening on 127.0.0.1:51697
1547446120193	mozrunner::runner	INFO	Running command: "C:\\Program Files (x86)\\Mozilla Firefox\\firefox.exe" "-marionette" "-profile" "C:\\Users\\liudh\\AppData\\Local\\Temp\\rust_mozprofile.7NWTbOMSy901"
1547446123082	Marionette	INFO	Enabled via --marionette
[GFX1-]: CreateShaderResourceView failed for format87
[GFX1-]: CreateShaderResourceView failed for format87
[GFX1-]: CreateShaderResourceView failed for format87
[Child 6048] WARNING: pipe error: 109: file c:/builds/moz2_slave/m-rel-w32-00000000000000000000/build/src/ipc/chromium/src/chrome/common/ipc_channel_win.cc, line 346
[Child 6048] WARNING: pipe error: 109: file c:/builds/moz2_slave/m-rel-w32-00000000000000000000/build/src/ipc/chromium/src/chrome/common/ipc_channel_win.cc, line 346
1547446127073	Marionette	INFO	Listening on port 51705
1547446127110	Marionette	INFO	Listening on port 51705
1547446127532	Marionette	WARN	TLS certificate errors will be ignored for this session
1547446127586	Marionette	DEBUG	loaded listener.js
1547446127613	Marionette	DEBUG	Received DOM event "beforeunload" for "about:blank"
1547446127632	Marionette	DEBUG	Received DOM event "pagehide" for "about:blank"
1547446127632	Marionette	DEBUG	Received DOM event "unload" for "about:blank"
1547446127645	Marionette	DEBUG	Received DOM event "DOMContentLoaded" for "http://www.baidu.com/"
1547446127927	Marionette	DEBUG	Received DOM event "pageshow" for "http://www.baidu.com/"
JavaScript error: https://ss1.bdstatic.com/5eN1bjq8AAUYm2zgoY3K/r/www/cache/static/protocol/https/plugins/every_cookie_4644b13.js, line 4: ReferenceError: c is not defined
1547446130340	Marionette	INFO	New connections will no longer be accepted
