1547451232536	geckodriver	INFO	geckodriver 0.19.1 (0000000000000000000000000000000000000000 2017-10-31)
1547451232544	geckodriver	INFO	Listening on 127.0.0.1:56063
1547451235635	mozrunner::runner	INFO	Running command: "C:\\Program Files (x86)\\Mozilla Firefox\\firefox.exe" "-marionette" "-profile" "C:\\Users\\liudh\\AppData\\Local\\Temp\\rust_mozprofile.tWAIzKqcuClc"
1547451237742	Marionette	INFO	Enabled via --marionette
[GFX1-]: CreateShaderResourceView failed for format87
[GFX1-]: CreateShaderResourceView failed for format87
[GPU 4360] WARNING: pipe error: 109: file c:/builds/moz2_slave/m-rel-w32-00000000000000000000/build/src/ipc/chromium/src/chrome/common/ipc_channel_win.cc, line 346
[Child 6412] WARNING: pipe error: 109: file c:/builds/moz2_slave/m-rel-w32-00000000000000000000/build/src/ipc/chromium/src/chrome/common/ipc_channel_win.cc, line 346
[Child 6412] WARNING: pipe error: 109: file c:/builds/moz2_slave/m-rel-w32-00000000000000000000/build/src/ipc/chromium/src/chrome/common/ipc_channel_win.cc, line 346
[GFX1-]: CreateShaderResourceView failed for format87
1547451241038	Marionette	INFO	Listening on port 56075
1547451241041	Marionette	INFO	Listening on port 56075
1547451241404	Marionette	WARN	TLS certificate errors will be ignored for this session
1547451241461	Marionette	DEBUG	loaded listener.js
1547451241509	Marionette	DEBUG	Received DOM event "beforeunload" for "about:blank"
1547451245810	Marionette	DEBUG	Received DOM event "pagehide" for "about:blank"
1547451245811	Marionette	DEBUG	Received DOM event "unload" for "about:blank"
1547451250878	Marionette	DEBUG	Received DOM event "DOMContentLoaded" for "http://mol.sit.bwoilmarine.com/mybusiness/#/login"
1547451403888	Marionette	DEBUG	Received DOM event "pageshow" for "http://mol.sit.bwoilmarine.com/mybusiness/#/login"
[GPU 4360] WARNING: pipe error: 109: file c:/builds/moz2_slave/m-rel-w32-00000000000000000000/build/src/ipc/chromium/src/chrome/common/ipc_channel_win.cc, line 346
[Child 6876] WARNING: pipe error: 109: file c:/builds/moz2_slave/m-rel-w32-00000000000000000000/build/src/ipc/chromium/src/chrome/common/ipc_channel_win.cc, line 346

###!!! [Child][MessageChannel] Error: (msgtype=0x920027,name=PNecko::Msg_RemoveRequestContext) Channel closing: too late to send/recv, messages will be lost

[Child 6876] WARNING: pipe error: 109: file c:/builds/moz2_slave/m-rel-w32-00000000000000000000/build/src/ipc/chromium/src/chrome/common/ipc_channel_win.cc, line 346
1547451591579	geckodriver	INFO	geckodriver 0.19.1 (0000000000000000000000000000000000000000 2017-10-31)
1547451591586	geckodriver	INFO	Listening on 127.0.0.1:56702
1547451594647	mozrunner::runner	INFO	Running command: "C:\\Program Files (x86)\\Mozilla Firefox\\firefox.exe" "-marionette" "-profile" "C:\\Users\\liudh\\AppData\\Local\\Temp\\rust_mozprofile.VU6O6ITdkpjg"
1547451595525	Marionette	INFO	Enabled via --marionette
[GFX1-]: CreateShaderResourceView failed for format87
[GFX1-]: CreateShaderResourceView failed for format87
[GPU 4512] WARNING: pipe error: 109: file c:/builds/moz2_slave/m-rel-w32-00000000000000000000/build/src/ipc/chromium/src/chrome/common/ipc_channel_win.cc, line 346
[Child 6220] WARNING: pipe error: 109: file c:/builds/moz2_slave/m-rel-w32-00000000000000000000/build/src/ipc/chromium/src/chrome/common/ipc_channel_win.cc, line 346
[Child 6220] WARNING: pipe error: 109: file c:/builds/moz2_slave/m-rel-w32-00000000000000000000/build/src/ipc/chromium/src/chrome/common/ipc_channel_win.cc, line 346
[GFX1-]: CreateShaderResourceView failed for format87
1547451597865	Marionette	INFO	Listening on port 56714
1547451597870	Marionette	INFO	Listening on port 56714
1547451598270	Marionette	WARN	TLS certificate errors will be ignored for this session
1547451598313	Marionette	DEBUG	loaded listener.js
1547451598341	Marionette	DEBUG	Received DOM event "beforeunload" for "about:blank"
1547451598484	Marionette	DEBUG	Received DOM event "pagehide" for "about:blank"
1547451598485	Marionette	DEBUG	Received DOM event "unload" for "about:blank"
1547451603452	Marionette	DEBUG	Received DOM event "DOMContentLoaded" for "http://mol.sit.bwoilmarine.com/mybusiness/#/login"
1547451721386	Marionette	DEBUG	Received DOM event "pageshow" for "http://mol.sit.bwoilmarine.com/mybusiness/#/login"
1547451723133	Marionette	DEBUG	Received DOM event "DOMContentLoaded" for "http://mol.sit.bwoilmarine.com/mybusiness/#/login"
1547451724521	Marionette	DEBUG	Received DOM event "pageshow" for "http://mol.sit.bwoilmarine.com/mybusiness/#/login"
1547451727390	Marionette	DEBUG	Received DOM event "pageshow" for "http://mol.sit.bwoilmarine.com/mybusiness/#/login"
[GPU 4512] WARNING: pipe error: 109: file c:/builds/moz2_slave/m-rel-w32-00000000000000000000/build/src/ipc/chromium/src/chrome/common/ipc_channel_win.cc, line 346
[Child 6660] WARNING: pipe error: 109: file c:/builds/moz2_slave/m-rel-w32-00000000000000000000/build/src/ipc/chromium/src/chrome/common/ipc_channel_win.cc, line 346
[Child 6660] WARNING: pipe error: 109: file c:/builds/moz2_slave/m-rel-w32-00000000000000000000/build/src/ipc/chromium/src/chrome/common/ipc_channel_win.cc, line 346
[GPU 4512] WARNING: pipe error: 109: file c:/builds/moz2_slave/m-rel-w32-00000000000000000000/build/src/ipc/chromium/src/chrome/common/ipc_channel_win.cc, line 346

###!!! [Child][MessageChannel::SendAndWait] Error: (msgtype=0x840006,name=PImageBridge::Msg_WillClose) Channel error: cannot send/recv

1547453148687	geckodriver	INFO	geckodriver 0.19.1 (0000000000000000000000000000000000000000 2017-10-31)
1547453148695	geckodriver	INFO	Listening on 127.0.0.1:58975
1547453151775	mozrunner::runner	INFO	Running command: "C:\\Program Files (x86)\\Mozilla Firefox\\firefox.exe" "-marionette" "-profile" "C:\\Users\\liudh\\AppData\\Local\\Temp\\rust_mozprofile.tsJo6l5MMuWE"
1547453152623	Marionette	INFO	Enabled via --marionette
[GFX1-]: CreateShaderResourceView failed for format87
[GFX1-]: CreateShaderResourceView failed for format87
[GPU 4444] WARNING: pipe error: 109: file c:/builds/moz2_slave/m-rel-w32-00000000000000000000/build/src/ipc/chromium/src/chrome/common/ipc_channel_win.cc, line 346
[Child 7108] WARNING: pipe error: 109: file c:/builds/moz2_slave/m-rel-w32-00000000000000000000/build/src/ipc/chromium/src/chrome/common/ipc_channel_win.cc, line 346
[Child 7108] WARNING: pipe error: 109: file c:/builds/moz2_slave/m-rel-w32-00000000000000000000/build/src/ipc/chromium/src/chrome/common/ipc_channel_win.cc, line 346
[GFX1-]: CreateShaderResourceView failed for format87
1547453154797	Marionette	INFO	Listening on port 58987
1547453154804	Marionette	INFO	Listening on port 58987
1547453154895	Marionette	WARN	TLS certificate errors will be ignored for this session
1547453154946	Marionette	DEBUG	loaded listener.js
1547453154972	Marionette	DEBUG	Received DOM event "beforeunload" for "about:blank"
1547453158888	Marionette	DEBUG	Received DOM event "pagehide" for "about:blank"
1547453158889	Marionette	DEBUG	Received DOM event "unload" for "about:blank"
1547453164494	Marionette	DEBUG	Received DOM event "DOMContentLoaded" for "http://mol.sit.bwoilmarine.com/mybusiness/#/login"
[Parent 6612] WARNING: pipe error: 109: file c:/builds/moz2_slave/m-rel-w32-00000000000000000000/build/src/ipc/chromium/src/chrome/common/ipc_channel_win.cc, line 346
1547453167472	Marionette	DEBUG	Received DOM event "pageshow" for "http://mol.sit.bwoilmarine.com/mybusiness/#/login"
[GPU 4444] WARNING: pipe error: 109: file c:/builds/moz2_slave/m-rel-w32-00000000000000000000/build/src/ipc/chromium/src/chrome/common/ipc_channel_win.cc, line 346
JavaScript error: http://mol.sit.bwoilmarine.com/mybusiness/#/login, line 1: TypeError: window.parent is null
[Child 3680] WARNING: pipe error: 109: file c:/builds/moz2_slave/m-rel-w32-00000000000000000000/build/src/ipc/chromium/src/chrome/common/ipc_channel_win.cc, line 346
[Child 3680] WARNING: pipe error: 109: file c:/builds/moz2_slave/m-rel-w32-00000000000000000000/build/src/ipc/chromium/src/chrome/common/ipc_channel_win.cc, line 346

###!!! [Child][MessageChannel::SendAndWait] Error: Channel error: cannot send/recv

1547519597929	geckodriver	INFO	geckodriver 0.19.1 (0000000000000000000000000000000000000000 2017-10-31)
1547519597938	geckodriver	INFO	Listening on 127.0.0.1:50258
1547519601092	mozrunner::runner	INFO	Running command: "C:\\Program Files (x86)\\Mozilla Firefox\\firefox.exe" "-marionette" "-profile" "C:\\Users\\liudh\\AppData\\Local\\Temp\\rust_mozprofile.PKvYdAVZK171"
1547519602849	Marionette	INFO	Enabled via --marionette
[GFX1-]: CreateShaderResourceView failed for format87
[GFX1-]: CreateShaderResourceView failed for format87
[GPU 5952] WARNING: pipe error: 109: file c:/builds/moz2_slave/m-rel-w32-00000000000000000000/build/src/ipc/chromium/src/chrome/common/ipc_channel_win.cc, line 346
1547519605680	Marionette	INFO	Listening on port 50268
1547519605722	Marionette	INFO	Listening on port 50268
1547519606322	Marionette	WARN	TLS certificate errors will be ignored for this session
1547519606387	Marionette	DEBUG	loaded listener.js
1547519606418	Marionette	DEBUG	Received DOM event "beforeunload" for "about:blank"
1547519606649	Marionette	DEBUG	Received DOM event "pagehide" for "about:blank"
1547519606649	Marionette	DEBUG	Received DOM event "unload" for "about:blank"
1547519611935	Marionette	DEBUG	Received DOM event "DOMContentLoaded" for "http://mol.sit.bwoilmarine.com/mybusiness/#/login"
1547519698875	Marionette	DEBUG	Received DOM event "pageshow" for "http://mol.sit.bwoilmarine.com/mybusiness/#/login"
[GPU 5952] WARNING: pipe error: 109: file c:/builds/moz2_slave/m-rel-w32-00000000000000000000/build/src/ipc/chromium/src/chrome/common/ipc_channel_win.cc, line 346
JavaScript error: http://mol.sit.bwoilmarine.com/mybusiness/#/login, line 1: TypeError: window.parent is null
[Parent 4280] WARNING: pipe error: 109: file c:/builds/moz2_slave/m-rel-w32-00000000000000000000/build/src/ipc/chromium/src/chrome/common/ipc_channel_win.cc, line 346
[Child 1368] WARNING: pipe error: 109: file c:/builds/moz2_slave/m-rel-w32-00000000000000000000/build/src/ipc/chromium/src/chrome/common/ipc_channel_win.cc, line 346
[Child 1368] WARNING: pipe error: 109: file c:/builds/moz2_slave/m-rel-w32-00000000000000000000/build/src/ipc/chromium/src/chrome/common/ipc_channel_win.cc, line 346

###!!! [Child][MessageChannel::SendAndWait] Error: Channel error: cannot send/recv

1547520531246	geckodriver	INFO	geckodriver 0.19.1 (0000000000000000000000000000000000000000 2017-10-31)
1547520531253	geckodriver	INFO	Listening on 127.0.0.1:50540
1547520534325	mozrunner::runner	INFO	Running command: "C:\\Program Files (x86)\\Mozilla Firefox\\firefox.exe" "-marionette" "-profile" "C:\\Users\\liudh\\AppData\\Local\\Temp\\rust_mozprofile.BafcMc1rmbV0"
1547520535150	Marionette	INFO	Enabled via --marionette
[GFX1-]: CreateShaderResourceView failed for format87
[GFX1-]: CreateShaderResourceView failed for format87
[GPU 308] WARNING: pipe error: 109: file c:/builds/moz2_slave/m-rel-w32-00000000000000000000/build/src/ipc/chromium/src/chrome/common/ipc_channel_win.cc, line 346
[Child 376] WARNING: pipe error: 109: file c:/builds/moz2_slave/m-rel-w32-00000000000000000000/build/src/ipc/chromium/src/chrome/common/ipc_channel_win.cc, line 346
[Child 376] WARNING: pipe error: 109: file c:/builds/moz2_slave/m-rel-w32-00000000000000000000/build/src/ipc/chromium/src/chrome/common/ipc_channel_win.cc, line 346
[GFX1-]: CreateShaderResourceView failed for format87
1547520537566	Marionette	INFO	Listening on port 50548
1547520537592	Marionette	INFO	Listening on port 50548
1547520538013	Marionette	WARN	TLS certificate errors will be ignored for this session
1547520538067	Marionette	DEBUG	loaded listener.js
1547520538096	Marionette	DEBUG	Received DOM event "beforeunload" for "about:blank"
1547520538242	Marionette	DEBUG	Received DOM event "pagehide" for "about:blank"
1547520538243	Marionette	DEBUG	Received DOM event "unload" for "about:blank"
1547520543126	Marionette	DEBUG	Received DOM event "DOMContentLoaded" for "http://mol.sit.bwoilmarine.com/mybusiness/#/login"
1547520544816	Marionette	DEBUG	Received DOM event "pageshow" for "http://mol.sit.bwoilmarine.com/mybusiness/#/login"
1547520544831	Marionette	INFO	New connections will no longer be accepted
1547520769742	geckodriver	INFO	geckodriver 0.19.1 (0000000000000000000000000000000000000000 2017-10-31)
1547520769752	geckodriver	INFO	Listening on 127.0.0.1:50616
1547520772815	mozrunner::runner	INFO	Running command: "C:\\Program Files (x86)\\Mozilla Firefox\\firefox.exe" "-marionette" "-profile" "C:\\Users\\liudh\\AppData\\Local\\Temp\\rust_mozprofile.fPTvKglSy1gX"
1547520773645	Marionette	INFO	Enabled via --marionette
[GFX1-]: CreateShaderResourceView failed for format87
[GFX1-]: CreateShaderResourceView failed for format87
[GPU 5092] WARNING: pipe error: 109: file c:/builds/moz2_slave/m-rel-w32-00000000000000000000/build/src/ipc/chromium/src/chrome/common/ipc_channel_win.cc, line 346
[Parent 5088] WARNING: pipe error: 109: file c:/builds/moz2_slave/m-rel-w32-00000000000000000000/build/src/ipc/chromium/src/chrome/common/ipc_channel_win.cc, line 346
[Child 5972] WARNING: pipe error: 109: file c:/builds/moz2_slave/m-rel-w32-00000000000000000000/build/src/ipc/chromium/src/chrome/common/ipc_channel_win.cc, line 346
[GFX1-]: CreateShaderResourceView failed for format87
1547520776295	Marionette	INFO	Listening on port 50624
1547520776301	Marionette	INFO	Listening on port 50624
1547520776496	Marionette	WARN	TLS certificate errors will be ignored for this session
1547520776548	Marionette	DEBUG	loaded listener.js
1547520776574	Marionette	DEBUG	Received DOM event "beforeunload" for "about:blank"
1547520776769	Marionette	DEBUG	Received DOM event "pagehide" for "about:blank"
1547520776770	Marionette	DEBUG	Received DOM event "unload" for "about:blank"
[Parent 5088] WARNING: pipe error: 109: file c:/builds/moz2_slave/m-rel-w32-00000000000000000000/build/src/ipc/chromium/src/chrome/common/ipc_channel_win.cc, line 346
1547520781696	Marionette	DEBUG	Received DOM event "DOMContentLoaded" for "http://mol.sit.bwoilmarine.com/mybusiness/#/login"
1547520783606	Marionette	DEBUG	Received DOM event "pageshow" for "http://mol.sit.bwoilmarine.com/mybusiness/#/login"
1547520789624	Marionette	DEBUG	Received DOM event "DOMContentLoaded" for "http://mol.sit.bwoilmarine.com/mybusiness/#/login"
1547520792539	Marionette	DEBUG	Received DOM event "pageshow" for "http://mol.sit.bwoilmarine.com/mybusiness/#/login"
1547520792543	Marionette	DEBUG	Received DOM event "pageshow" for "http://mol.sit.bwoilmarine.com/mybusiness/#/login"
[GPU 5092] WARNING: pipe error: 109: file c:/builds/moz2_slave/m-rel-w32-00000000000000000000/build/src/ipc/chromium/src/chrome/common/ipc_channel_win.cc, line 346
1547520840918	geckodriver	INFO	geckodriver 0.19.1 (0000000000000000000000000000000000000000 2017-10-31)
1547520840925	geckodriver	INFO	Listening on 127.0.0.1:50689
1547520843973	mozrunner::runner	INFO	Running command: "C:\\Program Files (x86)\\Mozilla Firefox\\firefox.exe" "-marionette" "-profile" "C:\\Users\\liudh\\AppData\\Local\\Temp\\rust_mozprofile.Er89BHKyVXll"
1547520844787	Marionette	INFO	Enabled via --marionette
[GFX1-]: CreateShaderResourceView failed for format87
[GFX1-]: CreateShaderResourceView failed for format87
1547520847429	Marionette	INFO	Listening on port 50697
1547520847436	Marionette	INFO	Listening on port 50697
1547520847590	Marionette	WARN	TLS certificate errors will be ignored for this session
1547520847640	Marionette	DEBUG	loaded listener.js
[Child 5820] WARNING: pipe error: 109: file c:/builds/moz2_slave/m-rel-w32-00000000000000000000/build/src/ipc/chromium/src/chrome/common/ipc_channel_win.cc, line 346
[Child 5820] WARNING: pipe error: 109: file c:/builds/moz2_slave/m-rel-w32-00000000000000000000/build/src/ipc/chromium/src/chrome/common/ipc_channel_win.cc, line 346
[GPU 5972] WARNING: pipe error: 109: file c:/builds/moz2_slave/m-rel-w32-00000000000000000000/build/src/ipc/chromium/src/chrome/common/ipc_channel_win.cc, line 346

###!!! [Child][MessageChannel::SendAndWait] Error: Channel error: cannot send/recv

ds/moz2_slave/m-rel-w32-00000000000000000000/build/src/ipc/chromium/src/chrome/common/ipc_channel_win.cc, line 346
[Child 5716] WARNING: pipe error: 109: file c:/builds/moz2_slave/m-rel-w32-00000000000000000000/build/src/ipc/chromium/src/chrome/common/ipc_channel_win.cc, line 346
[GFX1-]: CreateShaderResourceView failed for format87
1547521044966	Marionette	INFO	Listening on port 50746
1547521044968	Marionette	INFO	Listening on port 50746
1547521045199	Marionette	WARN	TLS certificate errors will be ignored for this session
1547521045249	Marionette	DEBUG	loaded listener.js
1547521045274	Marionette	DEBUG	Received DOM event "beforeunload" for "about:blank"
1547521045461	Marionette	DEBUG	Received DOM event "pagehide" for "about:blank"
1547521045462	Marionette	DEBUG	Received DOM event "unload" for "about:blank"
1547521053042	Marionette	DEBUG	Received DOM event "DOMContentLoaded" for "http://mol.sit.bwoilmarine.com/mybusiness/#/login"
1547521124791	Marionette	DEBUG	Received DOM event "pageshow" for "http://mol.sit.bwoilmarine.com/mybusiness/#/login"
[GPU 5512] WARNING: pipe error: 109: file c:/builds/moz2_slave/m-rel-w32-00000000000000000000/build/src/ipc/chromium/src/chrome/common/ipc_channel_win.cc, line 346
[Parent 4372] WARNING: pipe error: 109: file c:/builds/moz2_slave/m-rel-w32-00000000000000000000/build/src/ipc/chromium/src/chrome/common/ipc_channel_win.cc, line 346
[Child 5264] WARNING: pipe error: 109: file c:/builds/moz2_slave/m-rel-w32-00000000000000000000/build/src/ipc/chromium/src/chrome/common/ipc_channel_win.cc, line 346
[Child 5264] WARNING: pipe error: 109: file c:/builds/moz2_slave/m-rel-w32-00000000000000000000/build/src/ipc/chromium/src/chrome/common/ipc_channel_win.cc, line 346
[GPU 5512] WARNING: pipe error: 109: file c:/builds/moz2_slave/m-rel-w32-00000000000000000000/build/src/ipc/chromium/src/chrome/common/ipc_channel_win.cc, line 346
/common/ipc_channel_win.cc, line 346
[GFX1-]: CreateShaderResourceView failed for format87
1547524549060	Marionette	INFO	Listening on port 53916
1547524549064	Marionette	INFO	Listening on port 53916
1547524549287	Marionette	WARN	TLS certificate errors will be ignored for this session
1547524549340	Marionette	DEBUG	loaded listener.js
1547524549371	Marionette	DEBUG	Received DOM event "beforeunload" for "about:blank"
1547524549475	Marionette	DEBUG	Received DOM event "pagehide" for "about:blank"
1547524549476	Marionette	DEBUG	Received DOM event "unload" for "about:blank"
JavaScript error: https://ss1.bdstatic.com/5eN1bjq8AAUYm2zgoY3K/r/www/cache/static/protocol/https/plugins/every_cookie_4644b13.js, line 4: ReferenceError: c is not defined
1547524549757	Marionette	DEBUG	Received DOM event "DOMContentLoaded" for "https://www.baidu.com/"
1547524550065	Marionette	DEBUG	Received DOM event "pageshow" for "https://www.baidu.com/"
[GPU 7336] WARNING: pipe error: 109: file c:/builds/moz2_slave/m-rel-w32-00000000000000000000/build/src/ipc/chromium/src/chrome/common/ipc_channel_win.cc, line 346
1547524553899	addons.productaddons	WARN	Failed downloading via XHR, status: 0, reason: error
[Parent 3508] WARNING: pipe error: 109: file c:/builds/moz2_slave/m-rel-w32-00000000000000000000/build/src/ipc/chromium/src/chrome/common/ipc_channel_win.cc, line 346
[Child 5356] WARNING: pipe error: 109: file c:/builds/moz2_slave/m-rel-w32-00000000000000000000/build/src/ipc/chromium/src/chrome/common/ipc_channel_win.cc, line 346
[Child 5356] WARNING: pipe error: 109: file c:/builds/moz2_slave/m-rel-w32-00000000000000000000/build/src/ipc/chromium/src/chrome/common/ipc_channel_win.cc, line 346
[GPU 7336] WARNING: pipe error: 109: file c:/builds/moz2_slave/m-rel-w32-00000000000000000000/build/src/ipc/chromium/src/chrome/common/ipc_channel_win.cc, line 346

###!!! [Child][MessageChannel::SendAndWait] Error: Channel error: cannot send/recv

1547524606728	geckodriver	INFO	geckodriver 0.19.1 (0000000000000000000000000000000000000000 2017-10-31)
1547524606735	geckodriver	INFO	Listening on 127.0.0.1:54082
1547524609812	mozrunner::runner	INFO	Running command: "C:\\Program Files (x86)\\Mozilla Firefox\\firefox.exe" "-marionette" "-profile" "C:\\Users\\liudh\\AppData\\Local\\Temp\\rust_mozprofile.HwM4dPQccsWR"
1547524610586	Marionette	INFO	Enabled via --marionette
[GFX1-]: CreateShaderResourceView failed for format87
[GFX1-]: CreateShaderResourceView failed for format87
[GPU 6104] WARNING: pipe error: 109: file c:/builds/moz2_slave/m-rel-w32-00000000000000000000/build/src/ipc/chromium/src/chrome/common/ipc_channel_win.cc, line 346
[Child 7844] WARNING: pipe error: 109: file c:/builds/moz2_slave/m-rel-w32-00000000000000000000/build/src/ipc/chromium/src/chrome/common/ipc_channel_win.cc, line 346
[Child 7844] WARNING: pipe error: 109: file c:/builds/moz2_slave/m-rel-w32-00000000000000000000/build/src/ipc/chromium/src/chrome/common/ipc_channel_win.cc, line 346
[GFX1-]: CreateShaderResourceView failed for format87
1547524613161	Marionette	INFO	Listening on port 54094
1547524613163	Marionette	INFO	Listening on port 54094
1547524613446	Marionette	WARN	TLS certificate errors will be ignored for this session
1547524613505	Marionette	DEBUG	loaded listener.js
1547524613530	Marionette	DEBUG	Received DOM event "beforeunload" for "about:blank"
1547524613641	Marionette	DEBUG	Received DOM event "pagehide" for "about:blank"
1547524613641	Marionette	DEBUG	Received DOM event "unload" for "about:blank"
JavaScript error: https://ss1.bdstatic.com/5eN1bjq8AAUYm2zgoY3K/r/www/cache/static/protocol/https/plugins/every_cookie_4644b13.js, line 4: ReferenceError: c is not defined
1547524614152	Marionette	DEBUG	Received DOM event "DOMContentLoaded" for "https://www.baidu.com/"
1547524614216	Marionette	DEBUG	Received DOM event "pageshow" for "https://www.baidu.com/"
[Child 6276] WARNING: pipe error: 109: file c:/builds/moz2_slave/m-rel-w32-00000000000000000000/build/src/ipc/chromium/src/chrome/common/ipc_channel_win.cc, line 346
[Child 6276] WARNING: pipe error: 109: file c:/builds/moz2_slave/m-rel-w32-00000000000000000000/build/src/ipc/chromium/src/chrome/common/ipc_channel_win.cc, line 346

###!!! [Child][MessageChannel::SendAndWait] Error: (msgtype=0x840006,name=PImageBridge::Msg_WillClose) Channel error: cannot send/recv

mat87
[GFX1-]: CreateShaderResourceView failed for format87
[GPU 4344] WARNING: pipe error: 109: file c:/builds/moz2_slave/m-rel-w32-00000000000000000000/build/src/ipc/chromium/src/chrome/common/ipc_channel_win.cc, line 346
[Child 3908] WARNING: pipe error: 109: file c:/builds/moz2_slave/m-rel-w32-00000000000000000000/build/src/ipc/chromium/src/chrome/common/ipc_channel_win.cc, line 346
[Child 3908] WARNING: pipe error: 109: file c:/builds/moz2_slave/m-rel-w32-00000000000000000000/build/src/ipc/chromium/src/chrome/common/ipc_channel_win.cc, line 346
[GFX1-]: CreateShaderResourceView failed for format87
1547531035399	Marionette	INFO	Listening on port 52001
1547531035534	Marionette	INFO	Listening on port 52001
1547531035705	Marionette	WARN	TLS certificate errors will be ignored for this session
1547531035759	Marionette	DEBUG	loaded listener.js
1547531035783	Marionette	DEBUG	Received DOM event "beforeunload" for "about:blank"
1547531035873	Marionette	DEBUG	Received DOM event "pagehide" for "about:blank"
1547531035873	Marionette	DEBUG	Received DOM event "unload" for "about:blank"
JavaScript error: https://ss1.bdstatic.com/5eN1bjq8AAUYm2zgoY3K/r/www/cache/static/protocol/https/plugins/every_cookie_4644b13.js, line 4: ReferenceError: c is not defined
1547531036158	Marionette	DEBUG	Received DOM event "DOMContentLoaded" for "https://www.baidu.com/"
1547531036242	Marionette	DEBUG	Received DOM event "pageshow" for "https://www.baidu.com/"
[GPU 4344] WARNING: pipe error: 109: file c:/builds/moz2_slave/m-rel-w32-00000000000000000000/build/src/ipc/chromium/src/chrome/common/ipc_channel_win.cc, line 346
[Child 8152] WARNING: pipe error: 109: file c:/builds/moz2_slave/m-rel-w32-00000000000000000000/build/src/ipc/chromium/src/chrome/common/ipc_channel_win.cc, line 346
[Child 8152] WARNING: pipe error: 109: file c:/builds/moz2_slave/m-rel-w32-00000000000000000000/build/src/ipc/chromium/src/chrome/common/ipc_channel_win.cc, line 346
[GPU 4344] WARNING: pipe error: 109: file c:/builds/moz2_slave/m-rel-w32-00000000000000000000/build/src/ipc/chromium/src/chrome/common/ipc_channel_win.cc, line 346
1547531657227	geckodriver	INFO	geckodriver 0.19.1 (0000000000000000000000000000000000000000 2017-10-31)
1547531657234	geckodriver	INFO	Listening on 127.0.0.1:53306
1547531660514	mozrunner::runner	INFO	Running command: "C:\\Program Files (x86)\\Mozilla Firefox\\firefox.exe" "-marionette" "-profile" "C:\\Users\\liudh\\AppData\\Local\\Temp\\rust_mozprofile.3H7OAcZLDopx"
1547531661616	Marionette	INFO	Enabled via --marionette
[GFX1-]: CreateShaderResourceView failed for format87
[GFX1-]: CreateShaderResourceView failed for format87
[Child 7096] WARNING: pipe error: 109: file c:/builds/moz2_slave/m-rel-w32-00000000000000000000/build/src/ipc/chromium/src/chrome/common/ipc_channel_win.cc, line 346
[Child 7096] WARNING: pipe error: 109: file c:/builds/moz2_slave/m-rel-w32-00000000000000000000/build/src/ipc/chromium/src/chrome/common/ipc_channel_win.cc, line 346
[GFX1-]: CreateShaderResourceView failed for format87
1547531664621	Marionette	INFO	Listening on port 53320
1547531664634	Marionette	INFO	Listening on port 53320
1547531664688	Marionette	WARN	TLS certificate errors will be ignored for this session
1547531664730	Marionette	DEBUG	loaded listener.js
1547531664761	Marionette	DEBUG	Received DOM event "beforeunload" for "about:blank"
1547531664864	Marionette	DEBUG	Received DOM event "pagehide" for "about:blank"
1547531664865	Marionette	DEBUG	Received DOM event "unload" for "about:blank"
JavaScript error: https://ss1.bdstatic.com/5eN1bjq8AAUYm2zgoY3K/r/www/cache/static/protocol/https/plugins/every_cookie_4644b13.js, line 4: ReferenceError: c is not defined
1547531665138	Marionette	DEBUG	Received DOM event "DOMContentLoaded" for "https://www.baidu.com/"
1547531665223	Marionette	DEBUG	Received DOM event "pageshow" for "https://www.baidu.com/"
[GPU 7012] WARNING: pipe error: 109: file c:/builds/moz2_slave/m-rel-w32-00000000000000000000/build/src/ipc/chromium/src/chrome/common/ipc_channel_win.cc, line 346
[Child 6968] WARNING: pipe error: 109: file c:/builds/moz2_slave/m-rel-w32-00000000000000000000/build/src/ipc/chromium/src/chrome/common/ipc_channel_win.cc, line 346

###!!! [Child][MessageChannel::SendAndWait] Error: Channel error: cannot send/recv

1547531913647	geckodriver	INFO	geckodriver 0.19.1 (0000000000000000000000000000000000000000 2017-10-31)
1547531913658	geckodriver	INFO	Listening on 127.0.0.1:53915
1547531916705	mozrunner::runner	INFO	Running command: "C:\\Program Files (x86)\\Mozilla Firefox\\firefox.exe" "-marionette" "-profile" "C:\\Users\\liudh\\AppData\\Local\\Temp\\rust_mozprofile.CF4LbTUP5jqc"
1547531917735	Marionette	INFO	Enabled via --marionette
[GFX1-]: CreateShaderResourceView failed for format87
[GFX1-]: CreateShaderResourceView failed for format87
[GFX1-]: CreateShaderResourceView failed for format87
[Child 7576] WARNING: pipe error: 109: file c:/builds/moz2_slave/m-rel-w32-00000000000000000000/build/src/ipc/chromium/src/chrome/common/ipc_channel_win.cc, line 346
1547531920547	Marionette	INFO	Listening on port 53928
1547531920568	Marionette	INFO	Listening on port 53928
1547531920942	Marionette	WARN	TLS certificate errors will be ignored for this session
1547531920989	Marionette	DEBUG	loaded listener.js
1547531921020	Marionette	DEBUG	Received DOM event "beforeunload" for "about:blank"
1547531921118	Marionette	DEBUG	Received DOM event "pagehide" for "about:blank"
1547531921118	Marionette	DEBUG	Received DOM event "unload" for "about:blank"
JavaScript error: https://ss1.bdstatic.com/5eN1bjq8AAUYm2zgoY3K/r/www/cache/static/protocol/https/plugins/every_cookie_4644b13.js, line 4: ReferenceError: c is not defined
1547531921417	Marionette	DEBUG	Received DOM event "DOMContentLoaded" for "https://www.baidu.com/"
1547531921484	Marionette	DEBUG	Received DOM event "pageshow" for "https://www.baidu.com/"
[GPU 4184] WARNING: pipe error: 109: file c:/builds/moz2_slave/m-rel-w32-00000000000000000000/build/src/ipc/chromium/src/chrome/common/ipc_channel_win.cc, line 346
[Parent 6976] WARNING: pipe error: 109: file c:/builds/moz2_slave/m-rel-w32-00000000000000000000/build/src/ipc/chromium/src/chrome/common/ipc_channel_win.cc, line 346
[Child 6020] WARNING: pipe error: 109: file c:/builds/moz2_slave/m-rel-w32-00000000000000000000/build/src/ipc/chromium/src/chrome/common/ipc_channel_win.cc, line 346
[Child 6020] WARNING: pipe error: 109: file c:/builds/moz2_slave/m-rel-w32-00000000000000000000/build/src/ipc/chromium/src/chrome/common/ipc_channel_win.cc, line 346
[GPU 4184] WARNING: pipe error: 109: file c:/builds/moz2_slave/m-rel-w32-00000000000000000000/build/src/ipc/chromium/src/chrome/common/ipc_channel_win.cc, line 346

###!!! [Child][MessageChannel::SendAndWait] Error: (msgtype=0x840006,name=PImageBridge::Msg_WillClose) Channel error: cannot send/recv

 54319
1547532092800	Marionette	INFO	Listening on port 54319
1547532093238	Marionette	WARN	TLS certificate errors will be ignored for this session
1547532093290	Marionette	DEBUG	loaded listener.js
1547532093316	Marionette	DEBUG	Received DOM event "beforeunload" for "about:blank"
1547532093409	Marionette	DEBUG	Received DOM event "pagehide" for "about:blank"
1547532093410	Marionette	DEBUG	Received DOM event "unload" for "about:blank"
JavaScript error: https://ss1.bdstatic.com/5eN1bjq8AAUYm2zgoY3K/r/www/cache/static/protocol/https/plugins/every_cookie_4644b13.js, line 4: ReferenceError: c is not defined
1547532093731	Marionette	DEBUG	Received DOM event "DOMContentLoaded" for "https://www.baidu.com/"
1547532093796	Marionette	DEBUG	Received DOM event "pageshow" for "https://www.baidu.com/"
[GPU 4360] WARNING: pipe error: 109: file c:/builds/moz2_slave/m-rel-w32-00000000000000000000/build/src/ipc/chromium/src/chrome/common/ipc_channel_win.cc, line 346
*************************
A coding exception was thrown and uncaught in a Task.

Full message: TypeError: can't access dead object
Full stack: find_@chrome://marionette/content/element.js:290:7
element.find/</findElements<@chrome://marionette/content/element.js:256:17
evalFn@chrome://marionette/content/wait.js:70:7

*************************
*************************
A coding exception was thrown and uncaught in a Task.

Full message: TypeError: can't access dead object
Full stack: find_@chrome://marionette/content/element.js:290:7
element.find/</findElements<@chrome://marionette/content/element.js:256:17
evalFn@chrome://marionette/content/wait.js:70:7

*************************
Marionette threw an error: [Exception... "Component returned failure code: 0x80070057 (NS_ERROR_ILLEGAL_VALUE) [nsIMessageSender.sendAsyncMessage]"  nsresult: "0x80070057 (NS_ERROR_ILLEGAL_VALUE)"  location: "JS frame :: chrome://marionette/content/proxy.js :: sendReply_ :: line 195"  data: no]
sendReply_@chrome://marionette/content/proxy.js:195:5
reply@chrome://marionette/content/proxy.js:175:7
sendToServer@chrome://marionette/content/listener.js:641:3
sendError@chrome://marionette/content/listener.js:675:3
dispatch/</<@chrome://marionette/content/listener.js:443:40
process@resource://gre/modules/Promise.jsm -> resource://gre/modules/Promise-backend.js:925:21
walkerLoop@resource://gre/modules/Promise.jsm -> resource://gre/modules/Promise-backend.js:806:7
scheduleWalkerLoop/<@resource://gre/modules/Promise.jsm -> resource://gre/modules/Promise-backend.js:742:11

1547532899059	geckodriver	INFO	geckodriver 0.19.1 (0000000000000000000000000000000000000000 2017-10-31)
1547532899066	geckodriver	INFO	Listening on 127.0.0.1:56443
1547532902099	mozrunner::runner	INFO	Running command: "C:\\Program Files (x86)\\Mozilla Firefox\\firefox.exe" "-marionette" "-profile" "C:\\Users\\liudh\\AppData\\Local\\Temp\\rust_mozprofile.NLXQB8Z2Y1uN"
1547532903396	Marionette	INFO	Enabled via --marionette
[GFX1-]: CreateShaderResourceView failed for format87
[GFX1-]: CreateShaderResourceView failed for format87
[Parent 4644] WARNING: pipe error: 109: file c:/builds/moz2_slave/m-rel-w32-00000000000000000000/build/src/ipc/chromium/src/chrome/common/ipc_channel_win.cc, line 346
1547532908663	Marionette	INFO	Listening on port 56460
[Child 5776] WARNING: pipe error: 109: file c:/builds/moz2_slave/m-rel-w32-00000000000000000000/build/src/ipc/chromium/src/chrome/common/ipc_channel_win.cc, line 346
[Child 5776] WARNING: pipe error: 109: file c:/builds/moz2_slave/m-rel-w32-00000000000000000000/build/src/ipc/chromium/src/chrome/common/ipc_channel_win.cc, line 346
1547532908700	Marionette	INFO	Listening on port 56460
[GFX1-]: CreateShaderResourceView failed for format87
1547532909445	Marionette	WARN	TLS certificate errors will be ignored for this session
1547532909521	Marionette	DEBUG	loaded listener.js
1547532909551	Marionette	DEBUG	Received DOM event "beforeunload" for "about:blank"
1547532909637	Marionette	DEBUG	Received DOM event "pagehide" for "about:blank"
1547532909638	Marionette	DEBUG	Received DOM event "unload" for "about:blank"
JavaScript error: https://ss1.bdstatic.com/5eN1bjq8AAUYm2zgoY3K/r/www/cache/static/protocol/https/plugins/every_cookie_4644b13.js, line 4: ReferenceError: c is not defined
1547532909903	Marionette	DEBUG	Received DOM event "DOMContentLoaded" for "https://www.baidu.com/"
1547532909971	Marionette	DEBUG	Received DOM event "pageshow" for "https://www.baidu.com/"

###!!! [Child][MessageChannel::SendAndWait] Error: (msgtype=0x840006,name=PImageBridge::Msg_WillClose) Channel error: cannot send/recv

ning on 127.0.0.1:57218
1547533205385	mozrunner::runner	INFO	Running command: "C:\\Program Files (x86)\\Mozilla Firefox\\firefox.exe" "-marionette" "-profile" "C:\\Users\\liudh\\AppData\\Local\\Temp\\rust_mozprofile.URtpENCc8D8a"
1547533206938	Marionette	INFO	Enabled via --marionette
[GFX1-]: CreateShaderResourceView failed for format87
[GFX1-]: CreateShaderResourceView failed for format87
1547533210779	Marionette	INFO	Listening on port 57234
1547533210789	Marionette	INFO	Listening on port 57234
1547533211099	Marionette	WARN	TLS certificate errors will be ignored for this session
1547533211150	Marionette	DEBUG	loaded listener.js
1547533211177	Marionette	DEBUG	Received DOM event "beforeunload" for "about:blank"
1547533211262	Marionette	DEBUG	Received DOM event "pagehide" for "about:blank"
1547533211262	Marionette	DEBUG	Received DOM event "unload" for "about:blank"
JavaScript error: https://ss1.bdstatic.com/5eN1bjq8AAUYm2zgoY3K/r/www/cache/static/protocol/https/plugins/every_cookie_4644b13.js, line 4: ReferenceError: c is not defined
1547533211554	Marionette	DEBUG	Received DOM event "DOMContentLoaded" for "https://www.baidu.com/"
1547533211633	Marionette	DEBUG	Received DOM event "pageshow" for "https://www.baidu.com/"
1547533211750	Marionette	INFO	New connections will no longer be accepted
1547533251751	geckodriver	INFO	geckodriver 0.19.1 (0000000000000000000000000000000000000000 2017-10-31)
1547533251759	geckodriver	INFO	Listening on 127.0.0.1:57356
1547533254795	mozrunner::runner	INFO	Running command: "C:\\Program Files (x86)\\Mozilla Firefox\\firefox.exe" "-marionette" "-profile" "C:\\Users\\liudh\\AppData\\Local\\Temp\\rust_mozprofile.aR3iv8EioZCO"
1547533256193	Marionette	INFO	Enabled via --marionette
[GFX1-]: CreateShaderResourceView failed for format87
[GFX1-]: CreateShaderResourceView failed for format87
[GPU 7736] WARNING: pipe error: 109: file c:/builds/moz2_slave/m-rel-w32-00000000000000000000/build/src/ipc/chromium/src/chrome/common/ipc_channel_win.cc, line 346
1547533259402	Marionette	INFO	Listening on port 57372
1547533259410	Marionette	INFO	Listening on port 57372
1547533260074	Marionette	WARN	TLS certificate errors will be ignored for this session
1547533260122	Marionette	DEBUG	loaded listener.js
1547533260161	Marionette	DEBUG	Received DOM event "beforeunload" for "about:blank"
1547533260275	Marionette	DEBUG	Received DOM event "pagehide" for "about:blank"
1547533260276	Marionette	DEBUG	Received DOM event "unload" for "about:blank"
JavaScript error: https://ss1.bdstatic.com/5eN1bjq8AAUYm2zgoY3K/r/www/cache/static/protocol/https/plugins/every_cookie_4644b13.js, line 4: ReferenceError: c is not defined
1547533260535	Marionette	DEBUG	Received DOM event "DOMContentLoaded" for "https://www.baidu.com/"
1547533260611	Marionette	DEBUG	Received DOM event "pageshow" for "https://www.baidu.com/"
1547533260642	Marionette	INFO	New connections will no longer be accepted
1547536412989	geckodriver	INFO	geckodriver 0.19.1 (0000000000000000000000000000000000000000 2017-10-31)
1547536412997	geckodriver	INFO	Listening on 127.0.0.1:64605
1547536415892	mozrunner::runner	INFO	Running command: "C:\\Program Files (x86)\\Mozilla Firefox\\firefox.exe" "-marionette" "-profile" "C:\\Users\\liudh\\AppData\\Local\\Temp\\rust_mozprofile.8TPiT36f1CtI"
1547536417600	Marionette	INFO	Enabled via --marionette
[GFX1-]: CreateShaderResourceView failed for format87
[GFX1-]: CreateShaderResourceView failed for format87
[GPU 7768] WARNING: pipe error: 109: file c:/builds/moz2_slave/m-rel-w32-00000000000000000000/build/src/ipc/chromium/src/chrome/common/ipc_channel_win.cc, line 346
[Parent 7808] WARNING: pipe error: 109: file c:/builds/moz2_slave/m-rel-w32-00000000000000000000/build/src/ipc/chromium/src/chrome/common/ipc_channel_win.cc, line 346
[Child 6088] WARNING: pipe error: 109: file c:/builds/moz2_slave/m-rel-w32-00000000000000000000/build/src/ipc/chromium/src/chrome/common/ipc_channel_win.cc, line 346
[Child 6088] WARNING: pipe error: 109: file c:/builds/moz2_slave/m-rel-w32-00000000000000000000/build/src/ipc/chromium/src/chrome/common/ipc_channel_win.cc, line 346
[GFX1-]: CreateShaderResourceView failed for format87
1547536420141	Marionette	INFO	Listening on port 64617
1547536420171	Marionette	INFO	Listening on port 64617
1547536421125	Marionette	WARN	TLS certificate errors will be ignored for this session
1547536421182	Marionette	DEBUG	loaded listener.js
1547536421209	Marionette	DEBUG	Received DOM event "beforeunload" for "about:blank"
1547536421981	Marionette	DEBUG	Received DOM event "pagehide" for "about:blank"
1547536421981	Marionette	DEBUG	Received DOM event "unload" for "about:blank"
1547536425158	Marionette	DEBUG	Received DOM event "pageshow" for "http://mol.uat.bwoilmarine.com/mybusiness/#/login"
1547536427209	Marionette	DEBUG	Received DOM event "DOMContentLoaded" for "http://mol.uat.bwoilmarine.com/mybusiness/#/login"
1547536429258	Marionette	DEBUG	Received DOM event "DOMContentLoaded" for "http://mol.uat.bwoilmarine.com/mybusiness/#/login"
1547536441500	Marionette	DEBUG	Received DOM event "pageshow" for "http://mol.uat.bwoilmarine.com/mybusiness/#/login"
1547536441504	Marionette	DEBUG	Received DOM event "pageshow" for "http://mol.uat.bwoilmarine.com/mybusiness/#/login"
[GPU 7768] WARNING: pipe error: 109: file c:/builds/moz2_slave/m-rel-w32-00000000000000000000/build/src/ipc/chromium/src/chrome/common/ipc_channel_win.cc, line 346
[Child 5736] WARNING: pipe error: 232: file c:/builds/moz2_slave/m-rel-w32-00000000000000000000/build/src/ipc/chromium/src/chrome/common/ipc_channel_win.cc, line 513
[Child 5736] WARNING: pipe error: 109: file c:/builds/moz2_slave/m-rel-w32-00000000000000000000/build/src/ipc/chromium/src/chrome/common/ipc_channel_win.cc, line 346
[Child 5736] WARNING: pipe error: 109: file c:/builds/moz2_slave/m-rel-w32-00000000000000000000/build/src/ipc/chromium/src/chrome/common/ipc_channel_win.cc, line 346
[GPU 7768] WARNING: pipe error: 109: file c:/builds/moz2_slave/m-rel-w32-00000000000000000000/build/src/ipc/chromium/src/chrome/common/ipc_channel_win.cc, line 346

###!!! [Child][MessageChannel::SendAndWait] Error: Channel error: cannot send/recv

at87
1547536960176	Marionette	INFO	Listening on port 49422
1547536960195	Marionette	INFO	Listening on port 49422
1547536960216	Marionette	WARN	TLS certificate errors will be ignored for this session
1547536960262	Marionette	DEBUG	loaded listener.js
1547536960314	Marionette	DEBUG	Received DOM event "beforeunload" for "about:blank"
1547536960446	Marionette	DEBUG	Received DOM event "pagehide" for "about:blank"
1547536960446	Marionette	DEBUG	Received DOM event "unload" for "about:blank"
JavaScript error: https://ss1.bdstatic.com/5eN1bjq8AAUYm2zgoY3K/r/www/cache/static/protocol/https/plugins/every_cookie_4644b13.js, line 4: ReferenceError: c is not defined
1547536960722	Marionette	DEBUG	Received DOM event "DOMContentLoaded" for "https://www.baidu.com/"
1547536960794	Marionette	DEBUG	Received DOM event "pageshow" for "https://www.baidu.com/"
[GPU 376] WARNING: pipe error: 109: file c:/builds/moz2_slave/m-rel-w32-00000000000000000000/build/src/ipc/chromium/src/chrome/common/ipc_channel_win.cc, line 346
[Child 8216] WARNING: pipe error: 109: file c:/builds/moz2_slave/m-rel-w32-00000000000000000000/build/src/ipc/chromium/src/chrome/common/ipc_channel_win.cc, line 346
[Child 8216] WARNING: pipe error: 109: file c:/builds/moz2_slave/m-rel-w32-00000000000000000000/build/src/ipc/chromium/src/chrome/common/ipc_channel_win.cc, line 346
1547537128870	geckodriver	INFO	geckodriver 0.19.1 (0000000000000000000000000000000000000000 2017-10-31)
1547537128878	geckodriver	INFO	Listening on 127.0.0.1:49789
1547537131962	mozrunner::runner	INFO	Running command: "C:\\Program Files (x86)\\Mozilla Firefox\\firefox.exe" "-marionette" "-profile" "C:\\Users\\liudh\\AppData\\Local\\Temp\\rust_mozprofile.LgkFRfb0UdGI"
1547537133188	Marionette	INFO	Enabled via --marionette
[GFX1-]: CreateShaderResourceView failed for format87
[GFX1-]: CreateShaderResourceView failed for format87
[GPU 8364] WARNING: pipe error: 109: file c:/builds/moz2_slave/m-rel-w32-00000000000000000000/build/src/ipc/chromium/src/chrome/common/ipc_channel_win.cc, line 346
[Child 7448] WARNING: pipe error: 109: file c:/builds/moz2_slave/m-rel-w32-00000000000000000000/build/src/ipc/chromium/src/chrome/common/ipc_channel_win.cc, line 346
[Child 7448] WARNING: pipe error: 109: file c:/builds/moz2_slave/m-rel-w32-00000000000000000000/build/src/ipc/chromium/src/chrome/common/ipc_channel_win.cc, line 346
[GFX1-]: CreateShaderResourceView failed for format87
1547537135527	Marionette	INFO	Listening on port 49804
1547537135569	Marionette	INFO	Listening on port 49804
1547537135596	Marionette	WARN	TLS certificate errors will be ignored for this session
1547537135647	Marionette	DEBUG	loaded listener.js
1547537135676	Marionette	DEBUG	Received DOM event "beforeunload" for "about:blank"
1547537135804	Marionette	DEBUG	Received DOM event "pagehide" for "about:blank"
1547537135804	Marionette	DEBUG	Received DOM event "unload" for "about:blank"
JavaScript error: https://ss1.bdstatic.com/5eN1bjq8AAUYm2zgoY3K/r/www/cache/static/protocol/https/plugins/every_cookie_4644b13.js, line 4: ReferenceError: c is not defined
1547537136102	Marionette	DEBUG	Received DOM event "DOMContentLoaded" for "https://www.baidu.com/"
1547537136182	Marionette	DEBUG	Received DOM event "pageshow" for "https://www.baidu.com/"
[GPU 8364] WARNING: pipe error: 109: file c:/builds/moz2_slave/m-rel-w32-00000000000000000000/build/src/ipc/chromium/src/chrome/common/ipc_channel_win.cc, line 346
1547537142283	addons.productaddons	WARN	Failed downloading via XHR, status: 0, reason: error
[Parent 8412] WARNING: pipe error: 109: file c:/builds/moz2_slave/m-rel-w32-00000000000000000000/build/src/ipc/chromium/src/chrome/common/ipc_channel_win.cc, line 346
[Child 7008] WARNING: pipe error: 109: file c:/builds/moz2_slave/m-rel-w32-00000000000000000000/build/src/ipc/chromium/src/chrome/common/ipc_channel_win.cc, line 346
[Child 7008] WARNING: pipe error: 109: file c:/builds/moz2_slave/m-rel-w32-00000000000000000000/build/src/ipc/chromium/src/chrome/common/ipc_channel_win.cc, line 346
[GPU 8364] WARNING: pipe error: 109: file c:/builds/moz2_slave/m-rel-w32-00000000000000000000/build/src/ipc/chromium/src/chrome/common/ipc_channel_win.cc, line 346
1547538060321	geckodriver	INFO	geckodriver 0.19.1 (0000000000000000000000000000000000000000 2017-10-31)
1547538060328	geckodriver	INFO	Listening on 127.0.0.1:51933
1547538063374	mozrunner::runner	INFO	Running command: "C:\\Program Files (x86)\\Mozilla Firefox\\firefox.exe" "-marionette" "-profile" "C:\\Users\\liudh\\AppData\\Local\\Temp\\rust_mozprofile.ESnymkNSPmMz"
1547538064965	Marionette	INFO	Enabled via --marionette
[GFX1-]: CreateShaderResourceView failed for format87
[GFX1-]: CreateShaderResourceView failed for format87
[GPU 1844] WARNING: pipe error: 109: file c:/builds/moz2_slave/m-rel-w32-00000000000000000000/build/src/ipc/chromium/src/chrome/common/ipc_channel_win.cc, line 346
1547538067952	Marionette	INFO	Listening on port 51945
1547538067977	Marionette	INFO	Listening on port 51945
1547538068590	Marionette	WARN	TLS certificate errors will be ignored for this session
1547538068632	Marionette	DEBUG	loaded listener.js
1547538068666	Marionette	DEBUG	Received DOM event "beforeunload" for "about:blank"
1547538068773	Marionette	DEBUG	Received DOM event "pagehide" for "about:blank"
1547538068773	Marionette	DEBUG	Received DOM event "unload" for "about:blank"
JavaScript error: https://ss1.bdstatic.com/5eN1bjq8AAUYm2zgoY3K/r/www/cache/static/protocol/https/plugins/every_cookie_4644b13.js, line 4: ReferenceError: c is not defined
1547538069059	Marionette	DEBUG	Received DOM event "DOMContentLoaded" for "https://www.baidu.com/"
1547538069132	Marionette	DEBUG	Received DOM event "pageshow" for "https://www.baidu.com/"
1547538069508	Marionette	DEBUG	Canceled page load listener because no navigation has been detected
1547538074515	Marionette	INFO	New connections will no longer be accepted
1547713104559	geckodriver	INFO	geckodriver 0.19.1 (0000000000000000000000000000000000000000 2017-10-31)
1547713104568	geckodriver	INFO	Listening on 127.0.0.1:54203
1547713107810	mozrunner::runner	INFO	Running command: "C:\\Program Files (x86)\\Mozilla Firefox\\firefox.exe" "-marionette" "-profile" "C:\\Users\\liudh\\AppData\\Local\\Temp\\rust_mozprofile.XyFRHtIPk2dj"
1547713110649	Marionette	INFO	Enabled via --marionette
[GFX1-]: CreateShaderResourceView failed for format87
[GFX1-]: CreateShaderResourceView failed for format87
[GFX1-]: CreateShaderResourceView failed for format87
[GPU 5764] WARNING: pipe error: 109: file c:/builds/moz2_slave/m-rel-w32-00000000000000000000/build/src/ipc/chromium/src/chrome/common/ipc_channel_win.cc, line 346
[Child 8060] WARNING: pipe error: 109: file c:/builds/moz2_slave/m-rel-w32-00000000000000000000/build/src/ipc/chromium/src/chrome/common/ipc_channel_win.cc, line 346
[Child 8060] WARNING: pipe error: 109: file c:/builds/moz2_slave/m-rel-w32-00000000000000000000/build/src/ipc/chromium/src/chrome/common/ipc_channel_win.cc, line 346
1547713113689	Marionette	INFO	Listening on port 54228
1547713113714	Marionette	INFO	Listening on port 54228
1547713114060	Marionette	WARN	TLS certificate errors will be ignored for this session
1547713114118	Marionette	DEBUG	loaded listener.js
1547713114208	Marionette	DEBUG	Received DOM event "beforeunload" for "about:blank"
1547713114355	Marionette	DEBUG	Received DOM event "pagehide" for "about:blank"
1547713114356	Marionette	DEBUG	Received DOM event "unload" for "about:blank"
1547713119666	Marionette	DEBUG	Received DOM event "DOMContentLoaded" for "http://mol.sit.bwoilmarine.com/mybusiness/#/login"
[Parent 7368] WARNING: pipe error: 109: file c:/builds/moz2_slave/m-rel-w32-00000000000000000000/build/src/ipc/chromium/src/chrome/common/ipc_channel_win.cc, line 346
1547713263717	Marionette	DEBUG	Received DOM event "pageshow" for "http://mol.sit.bwoilmarine.com/mybusiness/#/login"
[GPU 5764] WARNING: pipe error: 109: file c:/builds/moz2_slave/m-rel-w32-00000000000000000000/build/src/ipc/chromium/src/chrome/common/ipc_channel_win.cc, line 346
JavaScript error: http://mol.sit.bwoilmarine.com/mybusiness/#/login, line 1: TypeError: window.parent is null
[Parent 7368] WARNING: pipe error: 109: file c:/builds/moz2_slave/m-rel-w32-00000000000000000000/build/src/ipc/chromium/src/chrome/common/ipc_channel_win.cc, line 346
[Child 6324] WARNING: pipe error: 109: file c:/builds/moz2_slave/m-rel-w32-00000000000000000000/build/src/ipc/chromium/src/chrome/common/ipc_channel_win.cc, line 346
[Child 6324] WARNING: pipe error: 109: file c:/builds/moz2_slave/m-rel-w32-00000000000000000000/build/src/ipc/chromium/src/chrome/common/ipc_channel_win.cc, line 346

###!!! [Child][RunMessage] Error: Channel closing: too late to send/recv, messages will be lost

[GPU 5764] WARNING: pipe error: 109: file c:/builds/moz2_slave/m-rel-w32-00000000000000000000/build/src/ipc/chromium/src/chrome/common/ipc_channel_win.cc, line 346
